error: Error in creating a blog: Operation `blogs.insertOne()` buffering timed out after 10000ms {"timestamp":"2023-10-23T01:56:39.403Z"}
error: Error in creating a blog: author is not defined {"timestamp":"2023-10-23T02:29:06.164Z"}
error: Error in creating a blog: E11000 duplicate key error collection: test.blogs index: description_1 dup key: { description: "Sing The song of our Faith🙌🏾➕," } {"timestamp":"2023-10-23T02:30:23.891Z"}
error: Error in creating a blog: author is not defined {"timestamp":"2023-10-23T02:30:36.889Z"}
error: Error in publishing a blog: Cannot read properties of undefined (reading 'toString') {"timestamp":"2023-10-23T03:06:07.267Z"}
error: Error in publishing a blog: Cannot read properties of undefined (reading 'toString') {"timestamp":"2023-10-23T04:13:07.063Z"}
error: Error in publishing a blog: Cannot read properties of undefined (reading 'toString') {"timestamp":"2023-10-23T04:13:29.130Z"}
error: Error in publishing a blog: Cannot read properties of undefined (reading 'toString') {"timestamp":"2023-10-23T04:42:06.191Z"}
error: Error in publishing a blog: Cannot read properties of undefined (reading 'toString') {"timestamp":"2023-10-23T04:43:39.411Z"}
error: Error in publishing a blog: Cannot read properties of undefined (reading 'toString') {"timestamp":"2023-10-23T04:44:45.083Z"}
error: Error in publishing a blog: Cannot read properties of undefined (reading 'toString') {"timestamp":"2023-10-23T12:53:20.647Z"}
error: Error in publishing a blog: Cannot read properties of undefined (reading 'toString') {"timestamp":"2023-10-23T13:14:50.427Z"}
error: Error in publishing a blog: Cannot read properties of undefined (reading 'toString') {"timestamp":"2023-10-23T13:16:25.348Z"}
error: Error in publishing a blog: Cannot read properties of undefined (reading 'toString') {"timestamp":"2023-10-23T13:24:19.857Z"}
error: Error in creating a blog: Blog validation failed: author: Cast to ObjectId failed for value "Mich@gmail.com" (type string) at path "author" because of "BSONError" {"timestamp":"2023-10-23T13:35:42.073Z"}
error: Error in creating a blog: Blog validation failed: author: Cast to ObjectId failed for value "Mich@gmail.com" (type string) at path "author" because of "BSONError" {"timestamp":"2023-10-23T13:36:12.838Z"}
error: Error in creating a blog: Blog validation failed: author: Cast to ObjectId failed for value "Mich@gmail.com" (type string) at path "author" because of "BSONError" {"timestamp":"2023-10-23T13:37:04.662Z"}
error: Error in creating a blog: E11000 duplicate key error collection: test.blogs index: _id_ dup key: { _id: ObjectId('652eb6c9c26f048b5c9d5c24') } {"timestamp":"2023-10-23T14:03:13.932Z"}
error: Error in creating a blog: E11000 duplicate key error collection: test.blogs index: description_1 dup key: { description: "He is Alive. Glory!🙌🏾➕," } {"timestamp":"2023-10-23T14:16:26.106Z"}
error: Error in publishing a blog: Cannot read properties of undefined (reading 'toString') {"timestamp":"2023-10-23T14:17:47.098Z"}
error: Error in publishing a blog: Cannot read properties of undefined (reading 'toString') {"timestamp":"2023-10-23T14:20:18.021Z"}
error: Error in publishing a blog: Cannot read properties of undefined (reading 'toString') {"timestamp":"2023-10-23T14:26:01.276Z"}
error: Error in publishing a blog: Cannot read properties of undefined (reading 'toString') {"timestamp":"2023-10-23T14:32:32.456Z"}
error: Error in creating a blog: E11000 duplicate key error collection: test.blogs index: description_1 dup key: { description: "In this blog, we explore the profound impact of Artificial Intelligence on the healthcare industry. Discover how AI is revolutionizing early diagnosis..." } {"timestamp":"2023-10-24T12:34:56.795Z"}
error: Error in editing a blog: E11000 duplicate key error collection: 652d5f5056f49f02e8939695_test.blogs index: description_1 dup key: { description: "In this blog, we discuss the positive impact of Artificial Intelligence on the healthcare industry. Discover how AI is revolutionizing early diagnosis..." } {"timestamp":"2023-10-24T13:03:38.617Z"}
error: Error in deleting a blog: blog.remove is not a function {"timestamp":"2023-10-24T13:14:01.134Z"}
error: Error in editing a blog: E11000 duplicate key error collection: 652d5f5056f49f02e8939695_test.blogs index: description_1 dup key: { description: "Rejoice for He lives! Glory!!!🙌🏾➕," } {"timestamp":"2023-10-24T13:44:44.001Z"}
error: Error in editing a blog: E11000 duplicate key error collection: 652d5f5056f49f02e8939695_test.blogs index: description_1 dup key: { description: "Rejoice for He lives! Glory!!!🙌🏾➕," } {"timestamp":"2023-10-24T13:46:30.130Z"}
error: Error in creating a blog: E11000 duplicate key error collection: test.blogs index: description_1 dup key: { description: "The manual for service" } {"timestamp":"2023-10-27T05:28:57.209Z"}
error: Error in creating a blog: Blog validation failed: reading_time: Cast to Number failed for value "undefinedmins" (type string) at path "reading_time", description: Path `description` (`234`) is shorter than the minimum allowed length (6). {"timestamp":"2024-03-06T13:22:05.116Z"}
error: Error in creating a blog: Blog validation failed: reading_time: Cast to Number failed for value "undefinedmins" (type string) at path "reading_time", description: Path `description` (`234`) is shorter than the minimum allowed length (6). {"timestamp":"2024-03-06T13:22:30.802Z"}
error: Error in creating a blog: Blog validation failed: reading_time: Cast to Number failed for value "undefinedmins" (type string) at path "reading_time" {"timestamp":"2024-03-06T13:22:45.751Z"}
error: Error in creating a blog: Blog validation failed: reading_time: Cast to Number failed for value "undefinedmins" (type string) at path "reading_time" {"timestamp":"2024-03-06T13:23:29.620Z"}
